<?xml version="1.0" encoding="UTF-8"?>
<robot generator="Robot 7.1.1 (Python 3.13.1 on win32)" generated="2024-12-16T14:17:34.314822" rpa="false" schemaversion="5">
<suite id="s1" name="Amazon" source="C:\Users\vitor.alcantara\Desktop\Automação\amazon.robot">
<test id="s1-t1" name="Caso de Teste 01 - Acesso ao menu &quot;Eletronicos&quot;" line="7">
<kw name="Abrir o navegador" owner="amazon_resources" type="SETUP">
<kw name="Open Browser" owner="SeleniumLibrary">
<msg time="2024-12-16T14:17:34.632358" level="INFO">Opening browser 'chrome' to base url 'None'.</msg>
<arg>browser=chrome</arg>
<doc>Opens a new browser instance to the optional ``url``.</doc>
<status status="PASS" start="2024-12-16T14:17:34.632187" elapsed="2.057376"/>
</kw>
<kw name="Maximize Browser Window" owner="SeleniumLibrary">
<doc>Maximizes current browser window.</doc>
<status status="PASS" start="2024-12-16T14:17:36.689772" elapsed="0.041949"/>
</kw>
<status status="PASS" start="2024-12-16T14:17:34.631629" elapsed="2.100234"/>
</kw>
<kw name="Acessar home page do site https://www.amazon.com.br/" owner="amazon_resources">
<kw name="Go To" owner="SeleniumLibrary">
<msg time="2024-12-16T14:17:36.733257" level="INFO">Opening url 'https://www.amazon.com.br/'</msg>
<arg>url=${URL}</arg>
<doc>Navigates the current browser window to the provided ``url``.</doc>
<status status="PASS" start="2024-12-16T14:17:36.732937" elapsed="8.513897"/>
</kw>
<kw name="Wait Until Element Is Visible" owner="SeleniumLibrary">
<arg>locator=${MENU_ELETRONICOS}</arg>
<doc>Waits until the element ``locator`` is visible.</doc>
<status status="PASS" start="2024-12-16T14:17:45.247194" elapsed="0.039957"/>
</kw>
<status status="PASS" start="2024-12-16T14:17:36.732475" elapsed="8.554886"/>
</kw>
<doc>Acessando o Menu eletronicos e verificando as categorias</doc>
<tag>Menus e categorias</tag>
<status status="PASS" start="2024-12-16T14:17:34.630830" elapsed="10.656859"/>
</test>
<doc>Testes da Amazon.com.br com somente duas categorias de informatica</doc>
<status status="PASS" start="2024-12-16T14:17:34.317478" elapsed="10.970765"/>
</suite>
<statistics>
<total>
<stat pass="1" fail="0" skip="0">All Tests</stat>
</total>
<tag>
<stat pass="1" fail="0" skip="0">Menus e categorias</stat>
</tag>
<suite>
<stat pass="1" fail="0" skip="0" id="s1" name="Amazon">Amazon</stat>
</suite>
</statistics>
<errors>
</errors>
</robot>
