<?xml version="1.0" encoding="UTF-8"?>
<robot generator="Robot 7.1.1 (Python 3.13.1 on win32)" generated="2025-01-05T23:27:00.184465" rpa="false" schemaversion="5">
<suite id="s1" name="APITest" source="c:\Users\vitor.alcantara\Desktop\AutomaçãoTestes\tests\APITest.robot">
<test id="s1-t1" name=" cenario 06: DELETE deletar usuario" line="37">
<kw name="DELETE Endpoint /usuarios" owner="APIResource">
<kw name="DELETE On Session" owner="RequestsLibrary">
<msg time="2025-01-05T23:27:00.596292" level="FAIL">Non-existing index or alias 'serverest'.</msg>
<var>${resposta}</var>
<arg>serverest</arg>
<arg>/usuarios/0uxuPY0cbmQhpEz1</arg>
<doc>Sends a DELETE request on a previously created HTTP Session.</doc>
<status status="FAIL" start="2025-01-05T23:27:00.595748" elapsed="0.006287">Non-existing index or alias 'serverest'.</status>
</kw>
<kw name="Log To Console" owner="BuiltIn">
<arg>resposta: ${resposta.content}</arg>
<doc>Logs the given message to the console.</doc>
<status status="NOT RUN" start="2025-01-05T23:27:00.602599" elapsed="0.000266"/>
</kw>
<kw name="Set Global Variable" owner="BuiltIn">
<arg>${resposta}</arg>
<doc>Makes a variable available globally in all tests and suites.</doc>
<status status="NOT RUN" start="2025-01-05T23:27:00.603212" elapsed="0.000166"/>
</kw>
<status status="FAIL" start="2025-01-05T23:27:00.594835" elapsed="0.009015">Non-existing index or alias 'serverest'.</status>
</kw>
<kw name="Validar Status Code" owner="APIResource">
<status status="NOT RUN" start="2025-01-05T23:27:00.604704" elapsed="0.000202"/>
</kw>
<status status="FAIL" start="2025-01-05T23:27:00.593587" elapsed="0.012160">Non-existing index or alias 'serverest'.</status>
</test>
<status status="FAIL" start="2025-01-05T23:27:00.193279" elapsed="0.414541"/>
</suite>
<statistics>
<total>
<stat pass="0" fail="1" skip="0">All Tests</stat>
</total>
<tag>
</tag>
<suite>
<stat pass="0" fail="1" skip="0" id="s1" name="APITest">APITest</stat>
</suite>
</statistics>
<errors>
<msg time="2025-01-05T23:27:00.222267" level="ERROR">Error in file 'c:\Users\vitor.alcantara\Desktop\AutomaçãoTestes\resources\APIResource.resource' on line 110: Creating keyword 'Cadastrar o usuario criado na ServRest' failed: Keyword with same name defined multiple times.</msg>
<msg time="2025-01-05T23:27:00.588437" level="ERROR">Error in file 'c:\Users\vitor.alcantara\Desktop\AutomaçãoTestes\resources\APIResource.resource' on line 4: Library setting requires value.</msg>
<msg time="2025-01-05T23:27:00.591366" level="ERROR">Error in file 'c:\Users\vitor.alcantara\Desktop\AutomaçãoTestes\tests\APITest.robot' on line 3: Error in file 'c:\Users\vitor.alcantara\Desktop\AutomaçãoTestes\ServRest.robot' on line 15: Resource file with 'Test Cases' section is invalid.</msg>
</errors>
</robot>
